1600275881660	geckodriver	INFO	Listening on 127.0.0.1:49998
1600275884680	mozrunner::runner	INFO	Running command: "C:\\Program Files\\Mozilla Firefox\\firefox.exe" "--marionette" "-foreground" "-no-remote" "-profile" "C:\\Users\\ARKADI~1.KRU\\AppData\\Local\\Temp\\rust_mozprofiletYxW5T"
console.error: SearchCache: "_readCacheFile: Error reading cache file:" (new Error("", "(unknown module)"))
JavaScript error: resource://gre/modules/XULStore.jsm, line 66: Error: Can't find profile directory.
1600275896310	Marionette	INFO	Listening on port 50007
1600275896405	Marionette	WARN	TLS certificate errors will be ignored for this session
JavaScript error: , line 0: uncaught exception: Object
1600275904631	Marionette	WARN	TimedPromise timed out after 500 ms: stacktrace:
TimedPromise/<@chrome://marionette/content/sync.js:245:13
TimedPromise@chrome://marionette/content/sync.js:230:10
interaction.flushEventLoop@chrome://marionette/content/interaction.js:416:10
webdriverClickElement@chrome://marionette/content/interaction.js:182:31
1600275929343	Marionette	INFO	Stopped listening on port 50007

###!!! [Child][MessageChannel::SendAndWait] Error: Channel error: cannot send/recv

1600275934709	geckodriver	INFO	Listening on 127.0.0.1:50197
1600275937799	mozrunner::runner	INFO	Running command: "C:\\Program Files\\Mozilla Firefox\\firefox.exe" "--marionette" "-foreground" "-no-remote" "-profile" "C:\\Users\\ARKADI~1.KRU\\AppData\\Local\\Temp\\rust_mozprofile1nVKRj"
console.error: SearchCache: "_readCacheFile: Error reading cache file:" (new Error("", "(unknown module)"))
JavaScript error: resource://gre/modules/XULStore.jsm, line 66: Error: Can't find profile directory.
1600275949486	Marionette	INFO	Listening on port 50213
1600275949813	Marionette	WARN	TLS certificate errors will be ignored for this session
1600275958511	Marionette	WARN	TimedPromise timed out after 500 ms: stacktrace:
TimedPromise/<@chrome://marionette/content/sync.js:245:13
TimedPromise@chrome://marionette/content/sync.js:230:10
interaction.flushEventLoop@chrome://marionette/content/interaction.js:416:10
webdriverClickElement@chrome://marionette/content/interaction.js:182:31

###!!! [Child][MessageChannel] Error: (msgtype=0x5A000D,name=PHttpChannel::Msg_DeletingChannel) Channel closing: too late to send/recv, messages will be lost


###!!! [Child][MessageChannel] Error: (msgtype=0x5A0005,name=PHttpChannel::Msg_Cancel) Channel closing: too late to send/recv, messages will be lost


###!!! [Child][MessageChannel] Error: (msgtype=0x5A000D,name=PHttpChannel::Msg_DeletingChannel) Channel closing: too late to send/recv, messages will be lost

1600275966556	Marionette	INFO	Stopped listening on port 50213

###!!! [Child][RunMessage] Error: Channel closing: too late to send/recv, messages will be lost


###!!! [Child][MessageChannel::SendAndWait] Error: Channel error: cannot send/recv

1600277109281	geckodriver	INFO	Listening on 127.0.0.1:50644
1600277112365	mozrunner::runner	INFO	Running command: "C:\\Program Files\\Mozilla Firefox\\firefox.exe" "--marionette" "-foreground" "-no-remote" "-profile" "C:\\Users\\ARKADI~1.KRU\\AppData\\Local\\Temp\\rust_mozprofile3zg1dt"
console.error: SearchCache: "_readCacheFile: Error reading cache file:" (new Error("", "(unknown module)"))
JavaScript error: resource://gre/modules/XULStore.jsm, line 66: Error: Can't find profile directory.
1600277120364	Marionette	INFO	Listening on port 50652
1600277120833	Marionette	WARN	TLS certificate errors will be ignored for this session
1600277126920	Marionette	WARN	TimedPromise timed out after 500 ms: stacktrace:
TimedPromise/<@chrome://marionette/content/sync.js:245:13
TimedPromise@chrome://marionette/content/sync.js:230:10
interaction.flushEventLoop@chrome://marionette/content/interaction.js:416:10
webdriverClickElement@chrome://marionette/content/interaction.js:182:31
1600277167521	Marionette	INFO	Stopped listening on port 50652

###!!! [Child][RunMessage] Error: Channel closing: too late to send/recv, messages will be lost


###!!! [Child][MessageChannel::SendAndWait] Error: Channel error: cannot send/recv

1600277271063	geckodriver	INFO	Listening on 127.0.0.1:50765
1600277274283	mozrunner::runner	INFO	Running command: "C:\\Program Files\\Mozilla Firefox\\firefox.exe" "--marionette" "-foreground" "-no-remote" "-profile" "C:\\Users\\ARKADI~1.KRU\\AppData\\Local\\Temp\\rust_mozprofilerM31t4"
console.error: SearchCache: "_readCacheFile: Error reading cache file:" (new Error("", "(unknown module)"))
JavaScript error: resource://gre/modules/XULStore.jsm, line 66: Error: Can't find profile directory.
1600277281916	Marionette	INFO	Listening on port 50774
1600277281942	Marionette	WARN	TLS certificate errors will be ignored for this session
1600277287756	Marionette	WARN	TimedPromise timed out after 500 ms: stacktrace:
TimedPromise/<@chrome://marionette/content/sync.js:245:13
TimedPromise@chrome://marionette/content/sync.js:230:10
interaction.flushEventLoop@chrome://marionette/content/interaction.js:416:10
webdriverClickElement@chrome://marionette/content/interaction.js:182:31

###!!! [Child][RunMessage] Error: Channel closing: too late to send/recv, messages will be lost


###!!! [Child][RunMessage] Error: Channel closing: too late to send/recv, messages will be lost

1600277304330	Marionette	INFO	Stopped listening on port 50774

###!!! [Child][MessageChannel::SendAndWait] Error: Channel error: cannot send/recv

1600277381137	geckodriver	INFO	Listening on 127.0.0.1:50881
1600277384234	mozrunner::runner	INFO	Running command: "C:\\Program Files\\Mozilla Firefox\\firefox.exe" "--marionette" "-foreground" "-no-remote" "-profile" "C:\\Users\\ARKADI~1.KRU\\AppData\\Local\\Temp\\rust_mozprofile5o7pcu"
console.error: SearchCache: "_readCacheFile: Error reading cache file:" (new Error("", "(unknown module)"))
JavaScript error: resource://gre/modules/XULStore.jsm, line 66: Error: Can't find profile directory.
1600277391300	Marionette	INFO	Listening on port 50889
1600277392150	Marionette	WARN	TLS certificate errors will be ignored for this session
1600277399552	Marionette	WARN	TimedPromise timed out after 500 ms: stacktrace:
TimedPromise/<@chrome://marionette/content/sync.js:245:13
TimedPromise@chrome://marionette/content/sync.js:230:10
interaction.flushEventLoop@chrome://marionette/content/interaction.js:416:10
webdriverClickElement@chrome://marionette/content/interaction.js:182:31

###!!! [Child][MessageChannel] Error: (msgtype=0x39010F,name=PContent::Msg_AccumulateChildHistograms) Channel closing: too late to send/recv, messages will be lost


###!!! [Child][MessageChannel] Error: (msgtype=0x390114,name=PContent::Msg_RecordDiscardedData) Channel closing: too late to send/recv, messages will be lost


###!!! [Child][RunMessage] Error: Channel closing: too late to send/recv, messages will be lost


###!!! [Child][RunMessage] Error: Channel closing: too late to send/recv, messages will be lost


###!!! [Child][RunMessage] Error: Channel closing: too late to send/recv, messages will be lost


###!!! [Child][RunMessage] Error: Channel closing: too late to send/recv, messages will be lost


###!!! [Child][RunMessage] Error: Channel closing: too late to send/recv, messages will be lost

1600277408035	Marionette	INFO	Stopped listening on port 50889

###!!! [Child][RunMessage] Error: Channel closing: too late to send/recv, messages will be lost


###!!! [Child][MessageChannel::SendAndWait] Error: Channel error: cannot send/recv

1600277435403	geckodriver	INFO	Listening on 127.0.0.1:51000
1600277438504	mozrunner::runner	INFO	Running command: "C:\\Program Files\\Mozilla Firefox\\firefox.exe" "--marionette" "-foreground" "-no-remote" "-profile" "C:\\Users\\ARKADI~1.KRU\\AppData\\Local\\Temp\\rust_mozprofileootm1o"
console.error: SearchCache: "_readCacheFile: Error reading cache file:" (new Error("", "(unknown module)"))
JavaScript error: resource://gre/modules/XULStore.jsm, line 66: Error: Can't find profile directory.
1600277447937	Marionette	INFO	Listening on port 51009
1600277448309	Marionette	WARN	TLS certificate errors will be ignored for this session
1600277455254	Marionette	WARN	TimedPromise timed out after 500 ms: stacktrace:
TimedPromise/<@chrome://marionette/content/sync.js:245:13
TimedPromise@chrome://marionette/content/sync.js:230:10
interaction.flushEventLoop@chrome://marionette/content/interaction.js:416:10
webdriverClickElement@chrome://marionette/content/interaction.js:182:31
1600277463724	Marionette	INFO	Stopped listening on port 51009

###!!! [Child][RunMessage] Error: Channel closing: too late to send/recv, messages will be lost


###!!! [Child][MessageChannel::SendAndWait] Error: Channel error: cannot send/recv

1600278453541	geckodriver	INFO	Listening on 127.0.0.1:51222
1600278456635	mozrunner::runner	INFO	Running command: "C:\\Program Files\\Mozilla Firefox\\firefox.exe" "--marionette" "-foreground" "-no-remote" "-profile" "C:\\Users\\ARKADI~1.KRU\\AppData\\Local\\Temp\\rust_mozprofileqkzgIP"
console.error: SearchCache: "_readCacheFile: Error reading cache file:" (new Error("", "(unknown module)"))
JavaScript error: resource://gre/modules/XULStore.jsm, line 66: Error: Can't find profile directory.
1600278464600	Marionette	INFO	Listening on port 51230
1600278465137	Marionette	WARN	TLS certificate errors will be ignored for this session
1600278472340	Marionette	WARN	TimedPromise timed out after 500 ms: stacktrace:
TimedPromise/<@chrome://marionette/content/sync.js:245:13
TimedPromise@chrome://marionette/content/sync.js:230:10
interaction.flushEventLoop@chrome://marionette/content/interaction.js:416:10
webdriverClickElement@chrome://marionette/content/interaction.js:182:31
1600278484351	Marionette	INFO	Stopped listening on port 51230

###!!! [Child][RunMessage] Error: Channel closing: too late to send/recv, messages will be lost


###!!! [Child][MessageChannel::SendAndWait] Error: Channel error: cannot send/recv

1600278650795	geckodriver	INFO	Listening on 127.0.0.1:51350
1600278653908	mozrunner::runner	INFO	Running command: "C:\\Program Files\\Mozilla Firefox\\firefox.exe" "--marionette" "-foreground" "-no-remote" "-profile" "C:\\Users\\ARKADI~1.KRU\\AppData\\Local\\Temp\\rust_mozprofileuYDsZ6"
console.error: SearchCache: "_readCacheFile: Error reading cache file:" (new Error("", "(unknown module)"))
JavaScript error: resource://gre/modules/XULStore.jsm, line 66: Error: Can't find profile directory.
1600278661323	Marionette	INFO	Listening on port 51359
1600278661678	Marionette	WARN	TLS certificate errors will be ignored for this session
1600278667330	Marionette	WARN	TimedPromise timed out after 500 ms: stacktrace:
TimedPromise/<@chrome://marionette/content/sync.js:245:13
TimedPromise@chrome://marionette/content/sync.js:230:10
interaction.flushEventLoop@chrome://marionette/content/interaction.js:416:10
webdriverClickElement@chrome://marionette/content/interaction.js:182:31

###!!! [Child][RunMessage] Error: Channel closing: too late to send/recv, messages will be lost


###!!! [Child][RunMessage] Error: Channel closing: too late to send/recv, messages will be lost


###!!! [Child][RunMessage] Error: Channel closing: too late to send/recv, messages will be lost

1600278675726	Marionette	INFO	Stopped listening on port 51359

###!!! [Child][MessageChannel::SendAndWait] Error: Channel error: cannot send/recv

1600278772463	geckodriver	INFO	Listening on 127.0.0.1:51486
1600278775587	mozrunner::runner	INFO	Running command: "C:\\Program Files\\Mozilla Firefox\\firefox.exe" "--marionette" "-foreground" "-no-remote" "-profile" "C:\\Users\\ARKADI~1.KRU\\AppData\\Local\\Temp\\rust_mozprofileNdsrrW"
console.error: SearchCache: "_readCacheFile: Error reading cache file:" (new Error("", "(unknown module)"))
JavaScript error: resource://gre/modules/XULStore.jsm, line 66: Error: Can't find profile directory.
1600278783395	Marionette	INFO	Listening on port 51495
1600278783425	Marionette	WARN	TLS certificate errors will be ignored for this session
1600278789459	Marionette	WARN	TimedPromise timed out after 500 ms: stacktrace:
TimedPromise/<@chrome://marionette/content/sync.js:245:13
TimedPromise@chrome://marionette/content/sync.js:230:10
interaction.flushEventLoop@chrome://marionette/content/interaction.js:416:10
webdriverClickElement@chrome://marionette/content/interaction.js:182:31

###!!! [Child][RunMessage] Error: Channel closing: too late to send/recv, messages will be lost


###!!! [Child][RunMessage] Error: Channel closing: too late to send/recv, messages will be lost


###!!! [Child][RunMessage] Error: Channel closing: too late to send/recv, messages will be lost


###!!! [Child][RunMessage] Error: Channel closing: too late to send/recv, messages will be lost

1600278795611	Marionette	INFO	Stopped listening on port 51495

###!!! [Child][RunMessage] Error: Channel closing: too late to send/recv, messages will be lost


###!!! [Child][MessageChannel::SendAndWait] Error: Channel error: cannot send/recv

1600278815318	geckodriver	INFO	Listening on 127.0.0.1:51600
1600278818419	mozrunner::runner	INFO	Running command: "C:\\Program Files\\Mozilla Firefox\\firefox.exe" "--marionette" "-foreground" "-no-remote" "-profile" "C:\\Users\\ARKADI~1.KRU\\AppData\\Local\\Temp\\rust_mozprofileElhPfV"
console.error: SearchCache: "_readCacheFile: Error reading cache file:" (new Error("", "(unknown module)"))
JavaScript error: resource://gre/modules/XULStore.jsm, line 66: Error: Can't find profile directory.
1600278826402	Marionette	INFO	Listening on port 51608
1600278826423	Marionette	WARN	TLS certificate errors will be ignored for this session
1600278831895	Marionette	WARN	TimedPromise timed out after 500 ms: stacktrace:
TimedPromise/<@chrome://marionette/content/sync.js:245:13
TimedPromise@chrome://marionette/content/sync.js:230:10
interaction.flushEventLoop@chrome://marionette/content/interaction.js:416:10
webdriverClickElement@chrome://marionette/content/interaction.js:182:31
1600278839627	Marionette	INFO	Stopped listening on port 51608

###!!! [Child][RunMessage] Error: Channel closing: too late to send/recv, messages will be lost


###!!! [Child][MessageChannel::SendAndWait] Error: Channel error: cannot send/recv

1600278858285	geckodriver	INFO	Listening on 127.0.0.1:51700
1600278861378	mozrunner::runner	INFO	Running command: "C:\\Program Files\\Mozilla Firefox\\firefox.exe" "--marionette" "-foreground" "-no-remote" "-profile" "C:\\Users\\ARKADI~1.KRU\\AppData\\Local\\Temp\\rust_mozprofilewVaLcC"
console.error: SearchCache: "_readCacheFile: Error reading cache file:" (new Error("", "(unknown module)"))
JavaScript error: resource://gre/modules/XULStore.jsm, line 66: Error: Can't find profile directory.
1600278869077	Marionette	INFO	Listening on port 51708
1600278869123	Marionette	WARN	TLS certificate errors will be ignored for this session
1600278874961	Marionette	WARN	TimedPromise timed out after 500 ms: stacktrace:
TimedPromise/<@chrome://marionette/content/sync.js:245:13
TimedPromise@chrome://marionette/content/sync.js:230:10
interaction.flushEventLoop@chrome://marionette/content/interaction.js:416:10
webdriverClickElement@chrome://marionette/content/interaction.js:182:31

###!!! [Child][RunMessage] Error: Channel closing: too late to send/recv, messages will be lost


###!!! [Child][RunMessage] Error: Channel closing: too late to send/recv, messages will be lost

1600279313301	Marionette	INFO	Stopped listening on port 51708

###!!! [Child][MessageChannel::SendAndWait] Error: Channel error: cannot send/recv

file:" (new Error("", "(unknown module)"))
JavaScript error: resource://gre/modules/XULStore.jsm, line 66: Error: Can't find profile directory.
1600278993023	Marionette	INFO	Listening on port 51820
1600278993421	Marionette	WARN	TLS certificate errors will be ignored for this session
1600278999358	Marionette	WARN	TimedPromise timed out after 500 ms: stacktrace:
TimedPromise/<@chrome://marionette/content/sync.js:245:13
TimedPromise@chrome://marionette/content/sync.js:230:10
interaction.flushEventLoop@chrome://marionette/content/interaction.js:416:10
webdriverClickElement@chrome://marionette/content/interaction.js:182:31

###!!! [Child][RunMessage] Error: Channel closing: too late to send/recv, messages will be lost


###!!! [Child][RunMessage] Error: Channel closing: too late to send/recv, messages will be lost


###!!! [Child][RunMessage] Error: Channel closing: too late to send/recv, messages will be lost

1600279006752	Marionette	INFO	Stopped listening on port 51820

###!!! [Child][MessageChannel::SendAndWait] Error: Channel error: cannot send/recv

1600279467743	geckodriver	INFO	Listening on 127.0.0.1:51999
1600279470860	mozrunner::runner	INFO	Running command: "C:\\Program Files\\Mozilla Firefox\\firefox.exe" "--marionette" "-foreground" "-no-remote" "-profile" "C:\\Users\\ARKADI~1.KRU\\AppData\\Local\\Temp\\rust_mozprofileC2qvjj"
console.error: SearchCache: "_readCacheFile: Error reading cache file:" (new Error("", "(unknown module)"))
JavaScript error: resource://gre/modules/XULStore.jsm, line 66: Error: Can't find profile directory.
1600279478954	Marionette	INFO	Listening on port 52008
1600279479367	Marionette	WARN	TLS certificate errors will be ignored for this session
1600279486464	Marionette	WARN	TimedPromise timed out after 500 ms: stacktrace:
TimedPromise/<@chrome://marionette/content/sync.js:245:13
TimedPromise@chrome://marionette/content/sync.js:230:10
interaction.flushEventLoop@chrome://marionette/content/interaction.js:416:10
webdriverClickElement@chrome://marionette/content/interaction.js:182:31

###!!! [Child][RunMessage] Error: Channel closing: too late to send/recv, messages will be lost

1600279494275	Marionette	INFO	Stopped listening on port 52008

###!!! [Child][MessageChannel::SendAndWait] Error: Channel error: cannot send/recv

1600279528258	geckodriver	INFO	Listening on 127.0.0.1:52106
1600279531362	mozrunner::runner	INFO	Running command: "C:\\Program Files\\Mozilla Firefox\\firefox.exe" "--marionette" "-foreground" "-no-remote" "-profile" "C:\\Users\\ARKADI~1.KRU\\AppData\\Local\\Temp\\rust_mozprofilehKOGkk"
console.error: SearchCache: "_readCacheFile: Error reading cache file:" (new Error("", "(unknown module)"))
JavaScript error: resource://gre/modules/XULStore.jsm, line 66: Error: Can't find profile directory.
1600279538873	Marionette	INFO	Listening on port 52114
1600279539237	Marionette	WARN	TLS certificate errors will be ignored for this session
1600279544898	Marionette	WARN	TimedPromise timed out after 500 ms: stacktrace:
TimedPromise/<@chrome://marionette/content/sync.js:245:13
TimedPromise@chrome://marionette/content/sync.js:230:10
interaction.flushEventLoop@chrome://marionette/content/interaction.js:416:10
webdriverClickElement@chrome://marionette/content/interaction.js:182:31
1600279554110	Marionette	INFO	Stopped listening on port 52114

###!!! [Child][MessageChannel::SendAndWait] Error: Channel error: cannot send/recv

1600279832517	geckodriver	INFO	Listening on 127.0.0.1:52223
1600279835611	mozrunner::runner	INFO	Running command: "C:\\Program Files\\Mozilla Firefox\\firefox.exe" "--marionette" "-foreground" "-no-remote" "-profile" "C:\\Users\\ARKADI~1.KRU\\AppData\\Local\\Temp\\rust_mozprofileWzn9SL"
console.error: SearchCache: "_readCacheFile: Error reading cache file:" (new Error("", "(unknown module)"))
JavaScript error: resource://gre/modules/XULStore.jsm, line 66: Error: Can't find profile directory.
1600279843837	Marionette	INFO	Listening on port 52231
1600279843980	Marionette	WARN	TLS certificate errors will be ignored for this session
1600279850094	Marionette	WARN	TimedPromise timed out after 500 ms: stacktrace:
TimedPromise/<@chrome://marionette/content/sync.js:245:13
TimedPromise@chrome://marionette/content/sync.js:230:10
interaction.flushEventLoop@chrome://marionette/content/interaction.js:416:10
webdriverClickElement@chrome://marionette/content/interaction.js:182:31

###!!! [Child][RunMessage] Error: Channel closing: too late to send/recv, messages will be lost


###!!! [Child][RunMessage] Error: Channel closing: too late to send/recv, messages will be lost


###!!! [Child][RunMessage] Error: Channel closing: too late to send/recv, messages will be lost

1600279857138	Marionette	INFO	Stopped listening on port 52231

###!!! [Child][RunMessage] Error: Channel closing: too late to send/recv, messages will be lost


###!!! [Child][MessageChannel::SendAndWait] Error: Channel error: cannot send/recv

1600279893934	geckodriver	INFO	Listening on 127.0.0.1:52326
1600279897041	mozrunner::runner	INFO	Running command: "C:\\Program Files\\Mozilla Firefox\\firefox.exe" "--marionette" "-foreground" "-no-remote" "-profile" "C:\\Users\\ARKADI~1.KRU\\AppData\\Local\\Temp\\rust_mozprofilecoQ9Pu"
console.error: SearchCache: "_readCacheFile: Error reading cache file:" (new Error("", "(unknown module)"))
JavaScript error: resource://gre/modules/XULStore.jsm, line 66: Error: Can't find profile directory.
1600279904479	Marionette	INFO	Listening on port 52337
1600279905211	Marionette	WARN	TLS certificate errors will be ignored for this session
1600279910890	Marionette	WARN	TimedPromise timed out after 500 ms: stacktrace:
TimedPromise/<@chrome://marionette/content/sync.js:245:13
TimedPromise@chrome://marionette/content/sync.js:230:10
interaction.flushEventLoop@chrome://marionette/content/interaction.js:416:10
webdriverClickElement@chrome://marionette/content/interaction.js:182:31
1600279914510	Marionette	INFO	Stopped listening on port 52337

###!!! [Child][RunMessage] Error: Channel closing: too late to send/recv, messages will be lost


###!!! [Child][RunMessage] Error: Channel closing: too late to send/recv, messages will be lost


###!!! [Child][RunMessage] Error: Channel closing: too late to send/recv, messages will be lost


###!!! [Child][RunMessage] Error: Channel closing: too late to send/recv, messages will be lost


###!!! [Child][MessageChannel::SendAndWait] Error: Channel error: cannot send/recv

1600280078617	geckodriver	INFO	Listening on 127.0.0.1:52443
1600280081690	mozrunner::runner	INFO	Running command: "C:\\Program Files\\Mozilla Firefox\\firefox.exe" "--marionette" "-foreground" "-no-remote" "-profile" "C:\\Users\\ARKADI~1.KRU\\AppData\\Local\\Temp\\rust_mozprofileErcQjT"
console.error: SearchCache: "_readCacheFile: Error reading cache file:" (new Error("", "(unknown module)"))
JavaScript error: resource://gre/modules/XULStore.jsm, line 66: Error: Can't find profile directory.
1600280089887	Marionette	INFO	Listening on port 52451
1600280090288	Marionette	WARN	TLS certificate errors will be ignored for this session
1600280095800	Marionette	WARN	TimedPromise timed out after 500 ms: stacktrace:
TimedPromise/<@chrome://marionette/content/sync.js:245:13
TimedPromise@chrome://marionette/content/sync.js:230:10
interaction.flushEventLoop@chrome://marionette/content/interaction.js:416:10
webdriverClickElement@chrome://marionette/content/interaction.js:182:31
1600280623934	Marionette	INFO	Stopped listening on port 52451

###!!! [Child][RunMessage] Error: Channel closing: too late to send/recv, messages will be lost


###!!! [Child][MessageChannel::SendAndWait] Error: Channel error: cannot send/recv

Local\\Temp\\rust_mozprofileo10haa"
console.error: SearchCache: "_readCacheFile: Error reading cache file:" (new Error("", "(unknown module)"))
JavaScript error: resource://gre/modules/XULStore.jsm, line 66: Error: Can't find profile directory.
1600280120310	Marionette	INFO	Listening on port 52552
1600280120449	Marionette	WARN	TLS certificate errors will be ignored for this session
1600280126485	Marionette	WARN	TimedPromise timed out after 500 ms: stacktrace:
TimedPromise/<@chrome://marionette/content/sync.js:245:13
TimedPromise@chrome://marionette/content/sync.js:230:10
interaction.flushEventLoop@chrome://marionette/content/interaction.js:416:10
webdriverClickElement@chrome://marionette/content/interaction.js:182:31
JavaScript error: https://assets.allegrostatic.com/opbox-web/vendors-2ba9263a.js, line 1: NS_ERROR_NOT_INITIALIZED: 
1600280134973	Marionette	INFO	Stopped listening on port 52552

###!!! [Child][MessageChannel::SendAndWait] Error: Channel error: cannot send/recv

1600280185154	geckodriver	INFO	Listening on 127.0.0.1:52654
1600280188290	mozrunner::runner	INFO	Running command: "C:\\Program Files\\Mozilla Firefox\\firefox.exe" "--marionette" "-foreground" "-no-remote" "-profile" "C:\\Users\\ARKADI~1.KRU\\AppData\\Local\\Temp\\rust_mozprofilevkfpXn"
console.error: SearchCache: "_readCacheFile: Error reading cache file:" (new Error("", "(unknown module)"))
JavaScript error: resource://gre/modules/XULStore.jsm, line 66: Error: Can't find profile directory.
1600280195951	Marionette	INFO	Listening on port 52662
1600280196198	Marionette	WARN	TLS certificate errors will be ignored for this session
1600280201922	Marionette	WARN	TimedPromise timed out after 500 ms: stacktrace:
TimedPromise/<@chrome://marionette/content/sync.js:245:13
TimedPromise@chrome://marionette/content/sync.js:230:10
interaction.flushEventLoop@chrome://marionette/content/interaction.js:416:10
webdriverClickElement@chrome://marionette/content/interaction.js:182:31
1600280205575	Marionette	INFO	Stopped listening on port 52662

###!!! [Child][RunMessage] Error: Channel closing: too late to send/recv, messages will be lost


###!!! [Child][RunMessage] Error: Channel closing: too late to send/recv, messages will be lost


###!!! [Child][RunMessage] Error: Channel closing: too late to send/recv, messages will be lost


###!!! [Child][MessageChannel::SendAndWait] Error: Channel error: cannot send/recv

1600280242846	geckodriver	INFO	Listening on 127.0.0.1:52759
1600280245910	mozrunner::runner	INFO	Running command: "C:\\Program Files\\Mozilla Firefox\\firefox.exe" "--marionette" "-foreground" "-no-remote" "-profile" "C:\\Users\\ARKADI~1.KRU\\AppData\\Local\\Temp\\rust_mozprofilehhkswS"
console.error: SearchCache: "_readCacheFile: Error reading cache file:" (new Error("", "(unknown module)"))
JavaScript error: resource://gre/modules/XULStore.jsm, line 66: Error: Can't find profile directory.
1600280253381	Marionette	INFO	Listening on port 52767
1600280253618	Marionette	WARN	TLS certificate errors will be ignored for this session
1600280259511	Marionette	WARN	TimedPromise timed out after 500 ms: stacktrace:
TimedPromise/<@chrome://marionette/content/sync.js:245:13
TimedPromise@chrome://marionette/content/sync.js:230:10
interaction.flushEventLoop@chrome://marionette/content/interaction.js:416:10
webdriverClickElement@chrome://marionette/content/interaction.js:182:31
1600280266507	Marionette	INFO	Stopped listening on port 52767

###!!! [Child][RunMessage] Error: Channel closing: too late to send/recv, messages will be lost


###!!! [Child][MessageChannel::SendAndWait] Error: Channel error: cannot send/recv

1600280270459	geckodriver	INFO	Listening on 127.0.0.1:52866
1600280273567	mozrunner::runner	INFO	Running command: "C:\\Program Files\\Mozilla Firefox\\firefox.exe" "--marionette" "-foreground" "-no-remote" "-profile" "C:\\Users\\ARKADI~1.KRU\\AppData\\Local\\Temp\\rust_mozprofilev8Vru8"
console.error: SearchCache: "_readCacheFile: Error reading cache file:" (new Error("", "(unknown module)"))
JavaScript error: resource://gre/modules/XULStore.jsm, line 66: Error: Can't find profile directory.
1600280281197	Marionette	INFO	Listening on port 52874
1600280281286	Marionette	WARN	TLS certificate errors will be ignored for this session
1600280287226	Marionette	WARN	TimedPromise timed out after 500 ms: stacktrace:
TimedPromise/<@chrome://marionette/content/sync.js:245:13
TimedPromise@chrome://marionette/content/sync.js:230:10
interaction.flushEventLoop@chrome://marionette/content/interaction.js:416:10
webdriverClickElement@chrome://marionette/content/interaction.js:182:31
1600280295799	Marionette	INFO	Stopped listening on port 52874

###!!! [Child][RunMessage] Error: Channel closing: too late to send/recv, messages will be lost


###!!! [Child][MessageChannel::SendAndWait] Error: Channel error: cannot send/recv

1600280367275	geckodriver	INFO	Listening on 127.0.0.1:52968
1600280370364	mozrunner::runner	INFO	Running command: "C:\\Program Files\\Mozilla Firefox\\firefox.exe" "--marionette" "-foreground" "-no-remote" "-profile" "C:\\Users\\ARKADI~1.KRU\\AppData\\Local\\Temp\\rust_mozprofileNeMVyJ"
console.error: SearchCache: "_readCacheFile: Error reading cache file:" (new Error("", "(unknown module)"))
JavaScript error: resource://gre/modules/XULStore.jsm, line 66: Error: Can't find profile directory.
1600280378746	Marionette	INFO	Listening on port 52976
1600280379566	Marionette	WARN	TLS certificate errors will be ignored for this session
1600280385811	Marionette	WARN	TimedPromise timed out after 500 ms: stacktrace:
TimedPromise/<@chrome://marionette/content/sync.js:245:13
TimedPromise@chrome://marionette/content/sync.js:230:10
interaction.flushEventLoop@chrome://marionette/content/interaction.js:416:10
webdriverClickElement@chrome://marionette/content/interaction.js:182:31

###!!! [Child][RunMessage] Error: Channel closing: too late to send/recv, messages will be lost

1600280393976	Marionette	INFO	Stopped listening on port 52976

###!!! [Child][MessageChannel::SendAndWait] Error: Channel error: cannot send/recv

1600280403195	geckodriver	INFO	Listening on 127.0.0.1:53076
1600280406281	mozrunner::runner	INFO	Running command: "C:\\Program Files\\Mozilla Firefox\\firefox.exe" "--marionette" "-foreground" "-no-remote" "-profile" "C:\\Users\\ARKADI~1.KRU\\AppData\\Local\\Temp\\rust_mozprofile1uZDHd"
console.error: SearchCache: "_readCacheFile: Error reading cache file:" (new Error("", "(unknown module)"))
JavaScript error: resource://gre/modules/XULStore.jsm, line 66: Error: Can't find profile directory.
1600280414416	Marionette	INFO	Listening on port 53084
1600280414502	Marionette	WARN	TLS certificate errors will be ignored for this session
1600280421811	Marionette	WARN	TimedPromise timed out after 500 ms: stacktrace:
TimedPromise/<@chrome://marionette/content/sync.js:245:13
TimedPromise@chrome://marionette/content/sync.js:230:10
interaction.flushEventLoop@chrome://marionette/content/interaction.js:416:10
webdriverClickElement@chrome://marionette/content/interaction.js:182:31
1600280430535	Marionette	INFO	Stopped listening on port 53084

###!!! [Child][RunMessage] Error: Channel closing: too late to send/recv, messages will be lost


###!!! [Child][MessageChannel::SendAndWait] Error: Channel error: cannot send/recv

1600280545840	geckodriver	INFO	Listening on 127.0.0.1:53181
1600280548918	mozrunner::runner	INFO	Running command: "C:\\Program Files\\Mozilla Firefox\\firefox.exe" "--marionette" "-foreground" "-no-remote" "-profile" "C:\\Users\\ARKADI~1.KRU\\AppData\\Local\\Temp\\rust_mozprofile81D4RI"
console.error: SearchCache: "_readCacheFile: Error reading cache file:" (new Error("", "(unknown module)"))
JavaScript error: resource://gre/modules/XULStore.jsm, line 66: Error: Can't find profile directory.
1600280557852	Marionette	INFO	Listening on port 53189
1600280558121	Marionette	WARN	TLS certificate errors will be ignored for this session
1600280564425	Marionette	WARN	TimedPromise timed out after 500 ms: stacktrace:
TimedPromise/<@chrome://marionette/content/sync.js:245:13
TimedPromise@chrome://marionette/content/sync.js:230:10
interaction.flushEventLoop@chrome://marionette/content/interaction.js:416:10
webdriverClickElement@chrome://marionette/content/interaction.js:182:31

###!!! [Child][RunMessage] Error: Channel closing: too late to send/recv, messages will be lost


###!!! [Child][RunMessage] Error: Channel closing: too late to send/recv, messages will be lost


###!!! [Child][RunMessage] Error: Channel closing: too late to send/recv, messages will be lost


###!!! [Child][RunMessage] Error: Channel closing: too late to send/recv, messages will be lost

1600280571777	Marionette	INFO	Stopped listening on port 53189

###!!! [Child][MessageChannel::SendAndWait] Error: Channel error: cannot send/recv

1600280575726	geckodriver	INFO	Listening on 127.0.0.1:53280
1600280578780	mozrunner::runner	INFO	Running command: "C:\\Program Files\\Mozilla Firefox\\firefox.exe" "--marionette" "-foreground" "-no-remote" "-profile" "C:\\Users\\ARKADI~1.KRU\\AppData\\Local\\Temp\\rust_mozprofilehZ10xE"
console.error: SearchCache: "_readCacheFile: Error reading cache file:" (new Error("", "(unknown module)"))
JavaScript error: resource://gre/modules/XULStore.jsm, line 66: Error: Can't find profile directory.
1600280586939	Marionette	INFO	Listening on port 53290
1600280587333	Marionette	WARN	TLS certificate errors will be ignored for this session
1600280593982	Marionette	WARN	TimedPromise timed out after 500 ms: stacktrace:
TimedPromise/<@chrome://marionette/content/sync.js:245:13
TimedPromise@chrome://marionette/content/sync.js:230:10
interaction.flushEventLoop@chrome://marionette/content/interaction.js:416:10
webdriverClickElement@chrome://marionette/content/interaction.js:182:31

###!!! [Child][MessageChannel] Error: (msgtype=0x6A0029,name=PNecko::Msg_RemoveRequestContext) Channel closing: too late to send/recv, messages will be lost


###!!! [Child][RunMessage] Error: Channel closing: too late to send/recv, messages will be lost


###!!! [Child][RunMessage] Error: Channel closing: too late to send/recv, messages will be lost

1600280602109	Marionette	INFO	Stopped listening on port 53290

###!!! [Child][MessageChannel::SendAndWait] Error: Channel error: cannot send/recv

1600280606779	geckodriver	INFO	Listening on 127.0.0.1:53392
1600280609865	mozrunner::runner	INFO	Running command: "C:\\Program Files\\Mozilla Firefox\\firefox.exe" "--marionette" "-foreground" "-no-remote" "-profile" "C:\\Users\\ARKADI~1.KRU\\AppData\\Local\\Temp\\rust_mozprofileiNVmY9"
console.error: SearchCache: "_readCacheFile: Error reading cache file:" (new Error("", "(unknown module)"))
JavaScript error: resource://gre/modules/XULStore.jsm, line 66: Error: Can't find profile directory.
1600280618660	Marionette	INFO	Listening on port 53400
1600280618857	Marionette	WARN	TLS certificate errors will be ignored for this session
1600280627004	Marionette	WARN	TimedPromise timed out after 500 ms: stacktrace:
TimedPromise/<@chrome://marionette/content/sync.js:245:13
TimedPromise@chrome://marionette/content/sync.js:230:10
interaction.flushEventLoop@chrome://marionette/content/interaction.js:416:10
webdriverClickElement@chrome://marionette/content/interaction.js:182:31
1600283203033	Marionette	INFO	Stopped listening on port 53400
0280686243	mozrunner::runner	INFO	Running command: "C:\\Program Files\\Mozilla Firefox\\firefox.exe" "--marionette" "-foreground" "-no-remote" "-profile" "C:\\Users\\ARKADI~1.KRU\\AppData\\Local\\Temp\\rust_mozprofileiNAjeN"
console.error: SearchCache: "_readCacheFile: Error reading cache file:" (new Error("", "(unknown module)"))
JavaScript error: resource://gre/modules/XULStore.jsm, line 66: Error: Can't find profile directory.
1600280694361	Marionette	INFO	Listening on port 53510
1600280694714	Marionette	WARN	TLS certificate errors will be ignored for this session
1600280700670	Marionette	WARN	TimedPromise timed out after 500 ms: stacktrace:
TimedPromise/<@chrome://marionette/content/sync.js:245:13
TimedPromise@chrome://marionette/content/sync.js:230:10
interaction.flushEventLoop@chrome://marionette/content/interaction.js:416:10
webdriverClickElement@chrome://marionette/content/interaction.js:182:31
1600280707408	Marionette	INFO	Stopped listening on port 53510

###!!! [Child][RunMessage] Error: Channel closing: too late to send/recv, messages will be lost


###!!! [Child][MessageChannel::SendAndWait] Error: Channel error: cannot send/recv

1600280710204	geckodriver	INFO	Listening on 127.0.0.1:53602
1600280713270	mozrunner::runner	INFO	Running command: "C:\\Program Files\\Mozilla Firefox\\firefox.exe" "--marionette" "-foreground" "-no-remote" "-profile" "C:\\Users\\ARKADI~1.KRU\\AppData\\Local\\Temp\\rust_mozprofileQQpYUg"
console.error: SearchCache: "_readCacheFile: Error reading cache file:" (new Error("", "(unknown module)"))
JavaScript error: resource://gre/modules/XULStore.jsm, line 66: Error: Can't find profile directory.
1600280720883	Marionette	INFO	Listening on port 53611
1600280721317	Marionette	WARN	TLS certificate errors will be ignored for this session
1600280727263	Marionette	WARN	TimedPromise timed out after 500 ms: stacktrace:
TimedPromise/<@chrome://marionette/content/sync.js:245:13
TimedPromise@chrome://marionette/content/sync.js:230:10
interaction.flushEventLoop@chrome://marionette/content/interaction.js:416:10
webdriverClickElement@chrome://marionette/content/interaction.js:182:31
1600280731035	Marionette	INFO	Stopped listening on port 53611

###!!! [Child][RunMessage] Error: Channel closing: too late to send/recv, messages will be lost

[Parent 14948, Gecko_IOThread] WARNING: file /builds/worker/checkouts/gecko/ipc/chromium/src/base/process_util_win.cc, line 166

###!!! [Child][RunMessage] Error: Channel closing: too late to send/recv, messages will be lost


###!!! [Child][MessageChannel::SendAndWait] Error: Channel error: cannot send/recv

1600280761898	geckodriver	INFO	Listening on 127.0.0.1:53704
1600280764983	mozrunner::runner	INFO	Running command: "C:\\Program Files\\Mozilla Firefox\\firefox.exe" "--marionette" "-foreground" "-no-remote" "-profile" "C:\\Users\\ARKADI~1.KRU\\AppData\\Local\\Temp\\rust_mozprofilebl4m5x"
console.error: SearchCache: "_readCacheFile: Error reading cache file:" (new Error("", "(unknown module)"))
JavaScript error: resource://gre/modules/XULStore.jsm, line 66: Error: Can't find profile directory.
1600280775360	Marionette	INFO	Listening on port 53712
1600280775881	Marionette	WARN	TLS certificate errors will be ignored for this session
1600280782346	Marionette	WARN	TimedPromise timed out after 500 ms: stacktrace:
TimedPromise/<@chrome://marionette/content/sync.js:245:13
TimedPromise@chrome://marionette/content/sync.js:230:10
interaction.flushEventLoop@chrome://marionette/content/interaction.js:416:10
webdriverClickElement@chrome://marionette/content/interaction.js:182:31
1600280786249	Marionette	INFO	Stopped listening on port 53712

###!!! [Child][RunMessage] Error: Channel closing: too late to send/recv, messages will be lost


###!!! [Child][RunMessage] Error: Channel closing: too late to send/recv, messages will be lost


###!!! [Child][RunMessage] Error: Channel closing: too late to send/recv, messages will be lost


###!!! [Child][MessageChannel::SendAndWait] Error: Channel error: cannot send/recv

1600281509531	geckodriver	INFO	Listening on 127.0.0.1:53942
1600281512611	mozrunner::runner	INFO	Running command: "C:\\Program Files\\Mozilla Firefox\\firefox.exe" "--marionette" "-foreground" "-no-remote" "-profile" "C:\\Users\\ARKADI~1.KRU\\AppData\\Local\\Temp\\rust_mozprofile0LEZgR"
console.error: SearchCache: "_readCacheFile: Error reading cache file:" (new Error("", "(unknown module)"))
JavaScript error: resource://gre/modules/XULStore.jsm, line 66: Error: Can't find profile directory.
1600281519848	Marionette	INFO	Listening on port 53950
1600281519965	Marionette	WARN	TLS certificate errors will be ignored for this session
1600281526981	Marionette	WARN	TimedPromise timed out after 500 ms: stacktrace:
TimedPromise/<@chrome://marionette/content/sync.js:245:13
TimedPromise@chrome://marionette/content/sync.js:230:10
interaction.flushEventLoop@chrome://marionette/content/interaction.js:416:10
webdriverClickElement@chrome://marionette/content/interaction.js:182:31

###!!! [Child][RunMessage] Error: Channel closing: too late to send/recv, messages will be lost


###!!! [Child][RunMessage] Error: Channel closing: too late to send/recv, messages will be lost


###!!! [Child][RunMessage] Error: Channel closing: too late to send/recv, messages will be lost

1600281537098	Marionette	INFO	Stopped listening on port 53950

###!!! [Child][MessageChannel::SendAndWait] Error: Channel error: cannot send/recv

1600282669816	geckodriver	INFO	Listening on 127.0.0.1:54204
1600282672924	mozrunner::runner	INFO	Running command: "C:\\Program Files\\Mozilla Firefox\\firefox.exe" "--marionette" "-foreground" "-no-remote" "-profile" "C:\\Users\\ARKADI~1.KRU\\AppData\\Local\\Temp\\rust_mozprofilePLtH9u"
console.error: SearchCache: "_readCacheFile: Error reading cache file:" (new Error("", "(unknown module)"))
JavaScript error: resource://gre/modules/XULStore.jsm, line 66: Error: Can't find profile directory.
1600282681737	Marionette	INFO	Listening on port 54212
1600282682085	Marionette	WARN	TLS certificate errors will be ignored for this session
1600282688704	Marionette	WARN	TimedPromise timed out after 500 ms: stacktrace:
TimedPromise/<@chrome://marionette/content/sync.js:245:13
TimedPromise@chrome://marionette/content/sync.js:230:10
interaction.flushEventLoop@chrome://marionette/content/interaction.js:416:10
webdriverClickElement@chrome://marionette/content/interaction.js:182:31
1600283204465	Marionette	INFO	Stopped listening on port 54212

###!!! [Child][RunMessage] Error: Channel closing: too late to send/recv, messages will be lost


###!!! [Child][MessageChannel::SendAndWait] Error: Channel error: cannot send/recv

Local\\Temp\\rust_mozprofileMGn9I3"
console.error: SearchCache: "_readCacheFile: Error reading cache file:" (new Error("", "(unknown module)"))
JavaScript error: resource://gre/modules/XULStore.jsm, line 66: Error: Can't find profile directory.
1600282865599	Marionette	INFO	Listening on port 54329
1600282865606	Marionette	WARN	TLS certificate errors will be ignored for this session
1600282871706	Marionette	WARN	TimedPromise timed out after 500 ms: stacktrace:
TimedPromise/<@chrome://marionette/content/sync.js:245:13
TimedPromise@chrome://marionette/content/sync.js:230:10
interaction.flushEventLoop@chrome://marionette/content/interaction.js:416:10
webdriverClickElement@chrome://marionette/content/interaction.js:182:31
1600282878779	Marionette	INFO	Stopped listening on port 54329

###!!! [Child][MessageChannel::SendAndWait] Error: Channel error: cannot send/recv

1600282881412	geckodriver	INFO	Listening on 127.0.0.1:54426
1600282884536	mozrunner::runner	INFO	Running command: "C:\\Program Files\\Mozilla Firefox\\firefox.exe" "--marionette" "-foreground" "-no-remote" "-profile" "C:\\Users\\ARKADI~1.KRU\\AppData\\Local\\Temp\\rust_mozprofilebJUuJL"
console.error: SearchCache: "_readCacheFile: Error reading cache file:" (new Error("", "(unknown module)"))
JavaScript error: resource://gre/modules/XULStore.jsm, line 66: Error: Can't find profile directory.
1600282892592	Marionette	INFO	Listening on port 54434
1600282893199	Marionette	WARN	TLS certificate errors will be ignored for this session
1600283201871	Marionette	INFO	Stopped listening on port 54434

###!!! [Child][MessageChannel::SendAndWait] Error: Channel error: cannot send/recv

firefox.exe" "--marionette" "-foreground" "-no-remote" "-profile" "C:\\Users\\ARKADI~1.KRU\\AppData\\Local\\Temp\\rust_mozprofileXLaKkp"
console.error: SearchCache: "_readCacheFile: Error reading cache file:" (new Error("", "(unknown module)"))
JavaScript error: resource://gre/modules/XULStore.jsm, line 66: Error: Can't find profile directory.
1600282992974	Marionette	INFO	Listening on port 54550
1600282993334	Marionette	WARN	TLS certificate errors will be ignored for this session
1600282999607	Marionette	WARN	TimedPromise timed out after 500 ms: stacktrace:
TimedPromise/<@chrome://marionette/content/sync.js:245:13
TimedPromise@chrome://marionette/content/sync.js:230:10
interaction.flushEventLoop@chrome://marionette/content/interaction.js:416:10
webdriverClickElement@chrome://marionette/content/interaction.js:182:31
1600283204085	Marionette	INFO	Stopped listening on port 54550

###!!! [Child][MessageChannel::SendAndWait] Error: Channel error: cannot send/recv

firefox.exe" "--marionette" "-foreground" "-no-remote" "-profile" "C:\\Users\\ARKADI~1.KRU\\AppData\\Local\\Temp\\rust_mozprofileJ276I9"
console.error: SearchCache: "_readCacheFile: Error reading cache file:" (new Error("", "(unknown module)"))
JavaScript error: resource://gre/modules/XULStore.jsm, line 66: Error: Can't find profile directory.
1600283034004	Marionette	INFO	Listening on port 54664
1600283034088	Marionette	WARN	TLS certificate errors will be ignored for this session
1600283040798	Marionette	WARN	TimedPromise timed out after 500 ms: stacktrace:
TimedPromise/<@chrome://marionette/content/sync.js:245:13
TimedPromise@chrome://marionette/content/sync.js:230:10
interaction.flushEventLoop@chrome://marionette/content/interaction.js:416:10
webdriverClickElement@chrome://marionette/content/interaction.js:182:31
1600283047898	Marionette	INFO	Stopped listening on port 54664

###!!! [Child][RunMessage] Error: Channel closing: too late to send/recv, messages will be lost


###!!! [Child][MessageChannel::SendAndWait] Error: Channel error: cannot send/recv

1600283465306	geckodriver	INFO	Listening on 127.0.0.1:54919
1600283468420	mozrunner::runner	INFO	Running command: "C:\\Program Files\\Mozilla Firefox\\firefox.exe" "--marionette" "-foreground" "-no-remote" "-profile" "C:\\Users\\ARKADI~1.KRU\\AppData\\Local\\Temp\\rust_mozprofilew7eJQD"
console.error: SearchCache: "_readCacheFile: Error reading cache file:" (new Error("", "(unknown module)"))
JavaScript error: resource://gre/modules/XULStore.jsm, line 66: Error: Can't find profile directory.
1600283476939	Marionette	INFO	Listening on port 54927
JavaScript error: resource://gre/modules/UrlClassifierListManager.jsm, line 691: TypeError: this.tablesData[table] is undefined
1600283478478	Marionette	INFO	Stopped listening on port 54927

###!!! [Child][RunMessage] Error: Channel closing: too late to send/recv, messages will be lost


###!!! [Child][MessageChannel::SendAndWait] Error: Channel error: cannot send/recv

1600283558163	geckodriver	INFO	Listening on 127.0.0.1:54966
1600283561309	mozrunner::runner	INFO	Running command: "C:\\Program Files\\Mozilla Firefox\\firefox.exe" "--marionette" "-foreground" "-no-remote" "-profile" "C:\\Users\\ARKADI~1.KRU\\AppData\\Local\\Temp\\rust_mozprofilecJiXTT"
console.error: SearchCache: "_readCacheFile: Error reading cache file:" (new Error("", "(unknown module)"))
JavaScript error: resource://gre/modules/XULStore.jsm, line 66: Error: Can't find profile directory.
1600283568768	Marionette	INFO	Listening on port 54974
1600283569002	Marionette	WARN	TLS certificate errors will be ignored for this session
1600283575441	Marionette	WARN	TimedPromise timed out after 500 ms: stacktrace:
TimedPromise/<@chrome://marionette/content/sync.js:245:13
TimedPromise@chrome://marionette/content/sync.js:230:10
interaction.flushEventLoop@chrome://marionette/content/interaction.js:416:10
webdriverClickElement@chrome://marionette/content/interaction.js:182:31
1600283579099	Marionette	INFO	Stopped listening on port 54974

###!!! [Child][RunMessage] Error: Channel closing: too late to send/recv, messages will be lost


###!!! [Child][MessageChannel::SendAndWait] Error: Channel error: cannot send/recv

